Started GET "/" for ::1 at 2020-01-16 21:06:48 +0800
Processing by Rails::WelcomeController#index as HTML
  Rendering /Users/sruthi/.rbenv/versions/2.5.1/lib/ruby/gems/2.5.0/gems/railties-5.2.4.1/lib/rails/templates/rails/welcome/index.html.erb
  Rendered /Users/sruthi/.rbenv/versions/2.5.1/lib/ruby/gems/2.5.0/gems/railties-5.2.4.1/lib/rails/templates/rails/welcome/index.html.erb (6.3ms)
Completed 200 OK in 30ms (Views: 21.1ms | ActiveRecord: 0.0ms)


Started GET "/" for ::1 at 2020-01-16 21:07:55 +0800
Processing by Rails::WelcomeController#index as HTML
  Rendering /Users/sruthi/.rbenv/versions/2.5.1/lib/ruby/gems/2.5.0/gems/railties-5.2.4.1/lib/rails/templates/rails/welcome/index.html.erb
  Rendered /Users/sruthi/.rbenv/versions/2.5.1/lib/ruby/gems/2.5.0/gems/railties-5.2.4.1/lib/rails/templates/rails/welcome/index.html.erb (8.1ms)
Completed 200 OK in 32ms (Views: 22.3ms | ActiveRecord: 0.0ms)


Started GET "/" for ::1 at 2020-01-16 21:07:56 +0800
Processing by Rails::WelcomeController#index as HTML
  Rendering /Users/sruthi/.rbenv/versions/2.5.1/lib/ruby/gems/2.5.0/gems/railties-5.2.4.1/lib/rails/templates/rails/welcome/index.html.erb
  Rendered /Users/sruthi/.rbenv/versions/2.5.1/lib/ruby/gems/2.5.0/gems/railties-5.2.4.1/lib/rails/templates/rails/welcome/index.html.erb (3.2ms)
Completed 200 OK in 10ms (Views: 6.1ms | ActiveRecord: 0.0ms)


Started GET "/" for ::1 at 2020-01-16 21:07:58 +0800
Processing by Rails::WelcomeController#index as HTML
  Rendering /Users/sruthi/.rbenv/versions/2.5.1/lib/ruby/gems/2.5.0/gems/railties-5.2.4.1/lib/rails/templates/rails/welcome/index.html.erb
  Rendered /Users/sruthi/.rbenv/versions/2.5.1/lib/ruby/gems/2.5.0/gems/railties-5.2.4.1/lib/rails/templates/rails/welcome/index.html.erb (3.1ms)
Completed 200 OK in 11ms (Views: 6.4ms | ActiveRecord: 0.0ms)


  [1m[35m (2.3ms)[0m  [1m[34mSELECT sqlite_version(*)[0m
  ↳ /Users/sruthi/.rbenv/versions/2.5.1/bin/rake:23
  [1m[35m (7.4ms)[0m  [1m[35mCREATE TABLE "schema_migrations" ("version" varchar NOT NULL PRIMARY KEY)[0m
  ↳ /Users/sruthi/.rbenv/versions/2.5.1/bin/rake:23
  [1m[35m (3.0ms)[0m  [1m[35mCREATE TABLE "ar_internal_metadata" ("key" varchar NOT NULL PRIMARY KEY, "value" varchar, "created_at" datetime NOT NULL, "updated_at" datetime NOT NULL)[0m
  ↳ /Users/sruthi/.rbenv/versions/2.5.1/bin/rake:23
  [1m[35m (0.2ms)[0m  [1m[34mSELECT "schema_migrations"."version" FROM "schema_migrations" ORDER BY "schema_migrations"."version" ASC[0m
  ↳ /Users/sruthi/.rbenv/versions/2.5.1/bin/rake:23
Migrating to CreateTodoLists (20200117041327)
  [1m[35m (0.1ms)[0m  [1m[36mbegin transaction[0m
  ↳ /Users/sruthi/.rbenv/versions/2.5.1/bin/rake:23
  [1m[35m (0.7ms)[0m  [1m[35mCREATE TABLE "todo_lists" ("id" integer PRIMARY KEY AUTOINCREMENT NOT NULL, "title" varchar, "description" text, "created_at" datetime NOT NULL, "updated_at" datetime NOT NULL)[0m
  ↳ db/migrate/20200117041327_create_todo_lists.rb:3
  [1m[36mActiveRecord::SchemaMigration Create (0.2ms)[0m  [1m[32mINSERT INTO "schema_migrations" ("version") VALUES (?)[0m  [["version", "20200117041327"]]
  ↳ /Users/sruthi/.rbenv/versions/2.5.1/bin/rake:23
  [1m[35m (2.6ms)[0m  [1m[36mcommit transaction[0m
  ↳ /Users/sruthi/.rbenv/versions/2.5.1/bin/rake:23
  [1m[36mActiveRecord::InternalMetadata Load (0.3ms)[0m  [1m[34mSELECT  "ar_internal_metadata".* FROM "ar_internal_metadata" WHERE "ar_internal_metadata"."key" = ? LIMIT ?[0m  [["key", "environment"], ["LIMIT", 1]]
  ↳ /Users/sruthi/.rbenv/versions/2.5.1/bin/rake:23
  [1m[35m (0.1ms)[0m  [1m[36mbegin transaction[0m
  ↳ /Users/sruthi/.rbenv/versions/2.5.1/bin/rake:23
  [1m[36mActiveRecord::InternalMetadata Create (0.4ms)[0m  [1m[32mINSERT INTO "ar_internal_metadata" ("key", "value", "created_at", "updated_at") VALUES (?, ?, ?, ?)[0m  [["key", "environment"], ["value", "development"], ["created_at", "2020-01-17 04:14:33.813412"], ["updated_at", "2020-01-17 04:14:33.813412"]]
  ↳ /Users/sruthi/.rbenv/versions/2.5.1/bin/rake:23
  [1m[35m (2.4ms)[0m  [1m[36mcommit transaction[0m
  ↳ /Users/sruthi/.rbenv/versions/2.5.1/bin/rake:23
  [1m[35m (0.1ms)[0m  [1m[34mSELECT "schema_migrations"."version" FROM "schema_migrations" ORDER BY "schema_migrations"."version" ASC[0m
  ↳ /Users/sruthi/.rbenv/versions/2.5.1/bin/rake:23
Started GET "/" for ::1 at 2020-01-17 12:14:51 +0800
  [1m[35m (5.0ms)[0m  [1m[34mSELECT "schema_migrations"."version" FROM "schema_migrations" ORDER BY "schema_migrations"."version" ASC[0m
  ↳ /Users/sruthi/.rbenv/versions/2.5.1/lib/ruby/gems/2.5.0/gems/activerecord-5.2.4.1/lib/active_record/log_subscriber.rb:98
Processing by Rails::WelcomeController#index as HTML
  Rendering /Users/sruthi/.rbenv/versions/2.5.1/lib/ruby/gems/2.5.0/gems/railties-5.2.4.1/lib/rails/templates/rails/welcome/index.html.erb
  Rendered /Users/sruthi/.rbenv/versions/2.5.1/lib/ruby/gems/2.5.0/gems/railties-5.2.4.1/lib/rails/templates/rails/welcome/index.html.erb (11.5ms)
Completed 200 OK in 40ms (Views: 25.5ms | ActiveRecord: 0.0ms)


Started GET "/todo_lists/" for ::1 at 2020-01-17 12:14:58 +0800
Processing by TodoListsController#index as HTML
  Rendering todo_lists/index.html.erb within layouts/application
  [1m[36mTodoList Load (3.5ms)[0m  [1m[34mSELECT "todo_lists".* FROM "todo_lists"[0m
  ↳ app/views/todo_lists/index.html.erb:15
  Rendered todo_lists/index.html.erb within layouts/application (14.1ms)
Completed 200 OK in 1828ms (Views: 1814.1ms | ActiveRecord: 4.4ms)


Started GET "/todo_lists/new" for ::1 at 2020-01-17 12:15:04 +0800
Processing by TodoListsController#new as HTML
  Rendering todo_lists/new.html.erb within layouts/application
  Rendered todo_lists/_form.html.erb (65.4ms)
  Rendered todo_lists/new.html.erb within layouts/application (78.4ms)
Completed 200 OK in 170ms (Views: 143.4ms | ActiveRecord: 2.2ms)


Started POST "/todo_lists" for ::1 at 2020-01-17 12:15:09 +0800
Processing by TodoListsController#create as HTML
  Parameters: {"utf8"=>"✓", "authenticity_token"=>"teN5oa5M6FqUr446jmxZ3Mi36TYUzenWKenMxVxw4yYYDmhnsYqKjwFc+H1v9naA0H+uUSRJjLbzkOqeByj2yw==", "todo_list"=>{"title"=>"hello", "description"=>"hehe"}, "commit"=>"Create Todo list"}
  [1m[35m (0.2ms)[0m  [1m[36mbegin transaction[0m
  ↳ app/controllers/todo_lists_controller.rb:30
  [1m[36mTodoList Create (2.8ms)[0m  [1m[32mINSERT INTO "todo_lists" ("title", "description", "created_at", "updated_at") VALUES (?, ?, ?, ?)[0m  [["title", "hello"], ["description", "hehe"], ["created_at", "2020-01-17 04:15:09.555440"], ["updated_at", "2020-01-17 04:15:09.555440"]]
  ↳ app/controllers/todo_lists_controller.rb:30
  [1m[35m (3.9ms)[0m  [1m[36mcommit transaction[0m
  ↳ app/controllers/todo_lists_controller.rb:30
Redirected to http://localhost:3000/todo_lists/1
Completed 302 Found in 16ms (ActiveRecord: 6.9ms)


Started GET "/todo_lists/1" for ::1 at 2020-01-17 12:15:09 +0800
Processing by TodoListsController#show as HTML
  Parameters: {"id"=>"1"}
  [1m[36mTodoList Load (0.6ms)[0m  [1m[34mSELECT  "todo_lists".* FROM "todo_lists" WHERE "todo_lists"."id" = ? LIMIT ?[0m  [["id", 1], ["LIMIT", 1]]
  ↳ app/controllers/todo_lists_controller.rb:67
  Rendering todo_lists/show.html.erb within layouts/application
  Rendered todo_lists/show.html.erb within layouts/application (1.2ms)
Completed 200 OK in 77ms (Views: 48.8ms | ActiveRecord: 0.6ms)


Started GET "/todo_lists" for ::1 at 2020-01-17 12:15:12 +0800
Processing by TodoListsController#index as HTML
  Rendering todo_lists/index.html.erb within layouts/application
  [1m[36mTodoList Load (0.3ms)[0m  [1m[34mSELECT "todo_lists".* FROM "todo_lists"[0m
  ↳ app/views/todo_lists/index.html.erb:15
  Rendered todo_lists/index.html.erb within layouts/application (5.2ms)
Completed 200 OK in 75ms (Views: 65.8ms | ActiveRecord: 0.3ms)


Started GET "/" for ::1 at 2020-01-17 12:16:06 +0800
Processing by TodoListsController#index as HTML
  Rendering todo_lists/index.html.erb within layouts/application
  [1m[36mTodoList Load (3.6ms)[0m  [1m[34mSELECT "todo_lists".* FROM "todo_lists"[0m
  ↳ app/views/todo_lists/index.html.erb:15
  Rendered todo_lists/index.html.erb within layouts/application (37.0ms)
Completed 200 OK in 215ms (Views: 195.8ms | ActiveRecord: 4.9ms)


  [1m[35m (0.3ms)[0m  [1m[34mSELECT "schema_migrations"."version" FROM "schema_migrations" ORDER BY "schema_migrations"."version" ASC[0m
  ↳ /Users/sruthi/.rbenv/versions/2.5.1/bin/rake:23
Migrating to CreateTodoItems (20200117060344)
  [1m[35m (0.1ms)[0m  [1m[36mbegin transaction[0m
  ↳ /Users/sruthi/.rbenv/versions/2.5.1/bin/rake:23
  [1m[35m (2.4ms)[0m  [1m[34mSELECT sqlite_version(*)[0m
  ↳ db/migrate/20200117060344_create_todo_items.rb:3
  [1m[35m (0.5ms)[0m  [1m[35mCREATE TABLE "todo_items" ("id" integer PRIMARY KEY AUTOINCREMENT NOT NULL, "content" varchar, "todo_list_id" integer, "created_at" datetime NOT NULL, "updated_at" datetime NOT NULL, CONSTRAINT "fk_rails_d913ce1c56"
FOREIGN KEY ("todo_list_id")
  REFERENCES "todo_lists" ("id")
)[0m
  ↳ db/migrate/20200117060344_create_todo_items.rb:3
  [1m[35m (0.1ms)[0m  [1m[35mCREATE  INDEX "index_todo_items_on_todo_list_id" ON "todo_items" ("todo_list_id")[0m
  ↳ db/migrate/20200117060344_create_todo_items.rb:3
  [1m[36mActiveRecord::SchemaMigration Create (0.2ms)[0m  [1m[32mINSERT INTO "schema_migrations" ("version") VALUES (?)[0m  [["version", "20200117060344"]]
  ↳ /Users/sruthi/.rbenv/versions/2.5.1/bin/rake:23
  [1m[35m (2.6ms)[0m  [1m[36mcommit transaction[0m
  ↳ /Users/sruthi/.rbenv/versions/2.5.1/bin/rake:23
  [1m[36mActiveRecord::InternalMetadata Load (0.3ms)[0m  [1m[34mSELECT  "ar_internal_metadata".* FROM "ar_internal_metadata" WHERE "ar_internal_metadata"."key" = ? LIMIT ?[0m  [["key", "environment"], ["LIMIT", 1]]
  ↳ /Users/sruthi/.rbenv/versions/2.5.1/bin/rake:23
  [1m[35m (0.1ms)[0m  [1m[36mbegin transaction[0m
  ↳ /Users/sruthi/.rbenv/versions/2.5.1/bin/rake:23
  [1m[35m (0.1ms)[0m  [1m[36mcommit transaction[0m
  ↳ /Users/sruthi/.rbenv/versions/2.5.1/bin/rake:23
  [1m[35m (0.2ms)[0m  [1m[34mSELECT "schema_migrations"."version" FROM "schema_migrations" ORDER BY "schema_migrations"."version" ASC[0m
  ↳ /Users/sruthi/.rbenv/versions/2.5.1/bin/rake:23
Started GET "/" for ::1 at 2020-01-17 14:17:38 +0800
  [1m[35m (0.6ms)[0m  [1m[34mSELECT "schema_migrations"."version" FROM "schema_migrations" ORDER BY "schema_migrations"."version" ASC[0m
  ↳ /Users/sruthi/.rbenv/versions/2.5.1/lib/ruby/gems/2.5.0/gems/activerecord-5.2.4.1/lib/active_record/log_subscriber.rb:98
Processing by TodoListsController#index as HTML
  Rendering todo_lists/index.html.erb within layouts/application
  [1m[36mTodoList Load (0.8ms)[0m  [1m[34mSELECT "todo_lists".* FROM "todo_lists"[0m
  ↳ app/views/todo_lists/index.html.erb:15
  Rendered todo_lists/index.html.erb within layouts/application (16.9ms)
Completed 200 OK in 1591ms (Views: 1556.8ms | ActiveRecord: 1.5ms)


Started GET "/todo_lists/1" for ::1 at 2020-01-17 14:17:42 +0800
Processing by TodoListsController#show as HTML
  Parameters: {"id"=>"1"}
  [1m[36mTodoList Load (0.5ms)[0m  [1m[34mSELECT  "todo_lists".* FROM "todo_lists" WHERE "todo_lists"."id" = ? LIMIT ?[0m  [["id", 1], ["LIMIT", 1]]
  ↳ app/controllers/todo_lists_controller.rb:67
  Rendering todo_lists/show.html.erb within layouts/application
  [1m[36mTodoItem Load (2.3ms)[0m  [1m[34mSELECT "todo_items".* FROM "todo_items" WHERE "todo_items"."todo_list_id" = ?[0m  [["todo_list_id", 1]]
  ↳ app/views/todo_lists/show.html.erb:14
  Rendered collection of templates [0 times] (0.0ms)
  Rendered todo_lists/show.html.erb within layouts/application (57.7ms)
Completed 500 Internal Server Error in 78ms (ActiveRecord: 3.1ms)


  
ActionView::Template::Error (Missing partial todo_items/_show with {:locale=>[:en], :formats=>[:html], :variants=>[], :handlers=>[:raw, :erb, :html, :builder, :ruby, :coffee, :jbuilder]}. Searched in:
  * "/Users/sruthi/Desktop/Todo-List/app/views"
):
    13: <div id="todo_items_wrap">
    14:  <%= render @todo_list.todo_items %>
    15:  <div id="form">
    16:   <%= render "todo_items/show" %>
    17:  </div>
    18: </div>
    19: 
  
app/views/todo_lists/show.html.erb:16:in `_app_views_todo_lists_show_html_erb___1231796820880479930_70119500870160'
Started GET "/todo_lists/1" for ::1 at 2020-01-17 14:21:14 +0800
  [1m[35m (2.4ms)[0m  [1m[34mSELECT "schema_migrations"."version" FROM "schema_migrations" ORDER BY "schema_migrations"."version" ASC[0m
  ↳ /Users/sruthi/.rbenv/versions/2.5.1/lib/ruby/gems/2.5.0/gems/activerecord-5.2.4.1/lib/active_record/log_subscriber.rb:98
Processing by TodoListsController#show as HTML
  Parameters: {"id"=>"1"}
  [1m[36mTodoList Load (2.4ms)[0m  [1m[34mSELECT  "todo_lists".* FROM "todo_lists" WHERE "todo_lists"."id" = ? LIMIT ?[0m  [["id", 1], ["LIMIT", 1]]
  ↳ app/controllers/todo_lists_controller.rb:67
  Rendering todo_lists/show.html.erb within layouts/application
  [1m[36mTodoItem Load (1.0ms)[0m  [1m[34mSELECT "todo_items".* FROM "todo_items" WHERE "todo_items"."todo_list_id" = ?[0m  [["todo_list_id", 1]]
  ↳ app/views/todo_lists/show.html.erb:14
  Rendered collection of templates [0 times] (0.0ms)
  Rendered todo_lists/show.html.erb within layouts/application (58.4ms)
Completed 500 Internal Server Error in 124ms (ActiveRecord: 4.8ms)


  
ActionView::Template::Error (Missing partial todo_items/__form with {:locale=>[:en], :formats=>[:html], :variants=>[], :handlers=>[:raw, :erb, :html, :builder, :ruby, :coffee, :jbuilder]}. Searched in:
  * "/Users/sruthi/Desktop/Todo-List/app/views"
):
    13: <div id="todo_items_wrap">
    14:  <%= render @todo_list.todo_items %>
    15:  <div id="form">
    16:   <%= render "todo_items/_form" %>
    17:  </div>
    18: </div>
    19: 
  
app/views/todo_lists/show.html.erb:16:in `_app_views_todo_lists_show_html_erb___4284985738299465856_70289205421100'
Started GET "/todo_lists/1" for ::1 at 2020-01-17 14:24:45 +0800
  [1m[35m (2.4ms)[0m  [1m[34mSELECT "schema_migrations"."version" FROM "schema_migrations" ORDER BY "schema_migrations"."version" ASC[0m
  ↳ /Users/sruthi/.rbenv/versions/2.5.1/lib/ruby/gems/2.5.0/gems/activerecord-5.2.4.1/lib/active_record/log_subscriber.rb:98
Processing by TodoListsController#show as HTML
  Parameters: {"id"=>"1"}
  [1m[36mTodoList Load (2.2ms)[0m  [1m[34mSELECT  "todo_lists".* FROM "todo_lists" WHERE "todo_lists"."id" = ? LIMIT ?[0m  [["id", 1], ["LIMIT", 1]]
  ↳ app/controllers/todo_lists_controller.rb:67
  Rendering todo_lists/show.html.erb within layouts/application
  [1m[36mTodoItem Load (1.3ms)[0m  [1m[34mSELECT "todo_items".* FROM "todo_items" WHERE "todo_items"."todo_list_id" = ?[0m  [["todo_list_id", 1]]
  ↳ app/views/todo_lists/show.html.erb:14
  Rendered collection of templates [0 times] (0.0ms)
  Rendered todo_lists/show.html.erb within layouts/application (57.4ms)
Completed 500 Internal Server Error in 110ms (ActiveRecord: 4.6ms)


  
ActionView::Template::Error (Missing partial todo_lists/__todo_item_form, application/__todo_item_form with {:locale=>[:en], :formats=>[:html], :variants=>[], :handlers=>[:raw, :erb, :html, :builder, :ruby, :coffee, :jbuilder]}. Searched in:
  * "/Users/sruthi/Desktop/Todo-List/app/views"
):
    13: <div id="todo_items_wrap">
    14:  <%= render @todo_list.todo_items %>
    15:  <div id="form">
    16:   <%= render "_todo_item_form" %>
    17:  </div>
    18: </div>
    19: 
  
app/views/todo_lists/show.html.erb:16:in `_app_views_todo_lists_show_html_erb___1907305974426067373_70194896201280'
Started GET "/todo_lists/1" for ::1 at 2020-01-17 14:26:19 +0800
  [1m[35m (2.7ms)[0m  [1m[34mSELECT "schema_migrations"."version" FROM "schema_migrations" ORDER BY "schema_migrations"."version" ASC[0m
  ↳ /Users/sruthi/.rbenv/versions/2.5.1/lib/ruby/gems/2.5.0/gems/activerecord-5.2.4.1/lib/active_record/log_subscriber.rb:98
Processing by TodoListsController#show as HTML
  Parameters: {"id"=>"1"}
  [1m[36mTodoList Load (2.6ms)[0m  [1m[34mSELECT  "todo_lists".* FROM "todo_lists" WHERE "todo_lists"."id" = ? LIMIT ?[0m  [["id", 1], ["LIMIT", 1]]
  ↳ app/controllers/todo_lists_controller.rb:67
  Rendering todo_lists/show.html.erb within layouts/application
  [1m[36mTodoItem Load (1.8ms)[0m  [1m[34mSELECT "todo_items".* FROM "todo_items" WHERE "todo_items"."todo_list_id" = ?[0m  [["todo_list_id", 1]]
  ↳ app/views/todo_lists/show.html.erb:14
  Rendered collection of templates [0 times] (0.0ms)
  Rendered todo_items/_form.html.erb (71.2ms)
  Rendered todo_lists/show.html.erb within layouts/application (127.9ms)
Completed 200 OK in 1441ms (Views: 1384.2ms | ActiveRecord: 8.3ms)


Started POST "/todo_lists/1/todo_items" for ::1 at 2020-01-17 14:26:27 +0800
Processing by TodoItemsController#create as HTML
  Parameters: {"utf8"=>"✓", "authenticity_token"=>"LQnPrYLTE5d4XNbUbtzPoUgRgyG4JJt5Bj42/HqbiZsvycOXg4HO7Z0mc7+PegWWgc+aQIJ946L5iFuyVjRz3A==", "todo_item"=>{"content"=>"hoho"}, "commit"=>"Create Todo item", "todo_list_id"=>"1"}
  [1m[36mTodoList Load (6.2ms)[0m  [1m[34mSELECT  "todo_lists".* FROM "todo_lists" WHERE "todo_lists"."id" = ? LIMIT ?[0m  [["id", 1], ["LIMIT", 1]]
  ↳ app/controllers/todo_items_controller.rb:10
  [1m[35m (0.4ms)[0m  [1m[36mbegin transaction[0m
  ↳ app/controllers/todo_items_controller.rb:4
  [1m[36mTodoItem Create (8.5ms)[0m  [1m[32mINSERT INTO "todo_items" ("content", "todo_list_id", "created_at", "updated_at") VALUES (?, ?, ?, ?)[0m  [["content", "hoho"], ["todo_list_id", 1], ["created_at", "2020-01-17 06:26:28.012863"], ["updated_at", "2020-01-17 06:26:28.012863"]]
  ↳ app/controllers/todo_items_controller.rb:4
  [1m[35m (6.6ms)[0m  [1m[36mcommit transaction[0m
  ↳ app/controllers/todo_items_controller.rb:4
Redirected to http://localhost:3000/todo_lists/1
Completed 302 Found in 121ms (ActiveRecord: 21.8ms)


Started GET "/todo_lists/1" for ::1 at 2020-01-17 14:26:28 +0800
Processing by TodoListsController#show as HTML
  Parameters: {"id"=>"1"}
  [1m[36mTodoList Load (1.1ms)[0m  [1m[34mSELECT  "todo_lists".* FROM "todo_lists" WHERE "todo_lists"."id" = ? LIMIT ?[0m  [["id", 1], ["LIMIT", 1]]
  ↳ app/controllers/todo_lists_controller.rb:67
  Rendering todo_lists/show.html.erb within layouts/application
  [1m[36mTodoItem Load (0.3ms)[0m  [1m[34mSELECT "todo_items".* FROM "todo_items" WHERE "todo_items"."todo_list_id" = ?[0m  [["todo_list_id", 1]]
  ↳ app/views/todo_lists/show.html.erb:14
  Rendered todo_lists/show.html.erb within layouts/application (38.7ms)
Completed 500 Internal Server Error in 64ms (ActiveRecord: 1.4ms)


  
ActionView::Template::Error (Missing partial todo_items/_todo_item with {:locale=>[:en], :formats=>[:html], :variants=>[], :handlers=>[:raw, :erb, :html, :builder, :ruby, :coffee, :jbuilder]}. Searched in:
  * "/Users/sruthi/Desktop/Todo-List/app/views"
):
    11: </p>
    12: 
    13: <div id="todo_items_wrap">
    14:  <%= render @todo_list.todo_items %>
    15:  <div id="form">
    16:   <%= render "todo_items/form" %>
    17:  </div>
  
app/views/todo_lists/show.html.erb:14:in `_app_views_todo_lists_show_html_erb__2551669421902153638_70114387529740'
Started GET "/todo_lists/1" for ::1 at 2020-01-17 14:29:07 +0800
  [1m[35m (2.4ms)[0m  [1m[34mSELECT "schema_migrations"."version" FROM "schema_migrations" ORDER BY "schema_migrations"."version" ASC[0m
  ↳ /Users/sruthi/.rbenv/versions/2.5.1/lib/ruby/gems/2.5.0/gems/activerecord-5.2.4.1/lib/active_record/log_subscriber.rb:98
Processing by TodoListsController#show as HTML
  Parameters: {"id"=>"1"}
  [1m[36mTodoList Load (2.3ms)[0m  [1m[34mSELECT  "todo_lists".* FROM "todo_lists" WHERE "todo_lists"."id" = ? LIMIT ?[0m  [["id", 1], ["LIMIT", 1]]
  ↳ app/controllers/todo_lists_controller.rb:67
  Rendering todo_lists/show.html.erb within layouts/application
  [1m[36mTodoItem Load (2.4ms)[0m  [1m[34mSELECT "todo_items".* FROM "todo_items" WHERE "todo_items"."todo_list_id" = ?[0m  [["todo_list_id", 1]]
  ↳ app/views/todo_lists/show.html.erb:14
  Rendered collection of todo_items/_todo_item.html.erb [1 times] (0.4ms)
  Rendered todo_items/_form.html.erb (24.8ms)
  Rendered todo_lists/show.html.erb within layouts/application (100.8ms)
Completed 200 OK in 1348ms (Views: 1304.9ms | ActiveRecord: 6.3ms)


Started POST "/todo_lists/1/todo_items" for ::1 at 2020-01-17 14:29:14 +0800
Processing by TodoItemsController#create as HTML
  Parameters: {"utf8"=>"✓", "authenticity_token"=>"jQ3WJD/Z7/pRRxnPqyIZAMQexiTGdtdM6383tG+e9NCPzdoePosygLQ9vKRKhNM3DcDfRfwvr5cUyVr6QzEOlw==", "todo_item"=>{"content"=>"nooooo"}, "commit"=>"Create Todo item", "todo_list_id"=>"1"}
  [1m[36mTodoList Load (2.1ms)[0m  [1m[34mSELECT  "todo_lists".* FROM "todo_lists" WHERE "todo_lists"."id" = ? LIMIT ?[0m  [["id", 1], ["LIMIT", 1]]
  ↳ app/controllers/todo_items_controller.rb:10
  [1m[35m (0.1ms)[0m  [1m[36mbegin transaction[0m
  ↳ app/controllers/todo_items_controller.rb:4
  [1m[36mTodoItem Create (5.4ms)[0m  [1m[32mINSERT INTO "todo_items" ("content", "todo_list_id", "created_at", "updated_at") VALUES (?, ?, ?, ?)[0m  [["content", "nooooo"], ["todo_list_id", 1], ["created_at", "2020-01-17 06:29:14.753648"], ["updated_at", "2020-01-17 06:29:14.753648"]]
  ↳ app/controllers/todo_items_controller.rb:4
  [1m[35m (1.3ms)[0m  [1m[36mcommit transaction[0m
  ↳ app/controllers/todo_items_controller.rb:4
Redirected to http://localhost:3000/todo_lists/1
Completed 302 Found in 46ms (ActiveRecord: 9.0ms)


Started GET "/todo_lists/1" for ::1 at 2020-01-17 14:29:14 +0800
Processing by TodoListsController#show as HTML
  Parameters: {"id"=>"1"}
  [1m[36mTodoList Load (0.2ms)[0m  [1m[34mSELECT  "todo_lists".* FROM "todo_lists" WHERE "todo_lists"."id" = ? LIMIT ?[0m  [["id", 1], ["LIMIT", 1]]
  ↳ app/controllers/todo_lists_controller.rb:67
  Rendering todo_lists/show.html.erb within layouts/application
  [1m[36mTodoItem Load (0.1ms)[0m  [1m[34mSELECT "todo_items".* FROM "todo_items" WHERE "todo_items"."todo_list_id" = ?[0m  [["todo_list_id", 1]]
  ↳ app/views/todo_lists/show.html.erb:14
  Rendered collection of todo_items/_todo_item.html.erb [2 times] (0.4ms)
  Rendered todo_items/_form.html.erb (4.2ms)
  Rendered todo_lists/show.html.erb within layouts/application (15.4ms)
Completed 200 OK in 95ms (Views: 92.1ms | ActiveRecord: 0.3ms)


Started GET "/todo_lists" for ::1 at 2020-01-17 14:29:16 +0800
Processing by TodoListsController#index as HTML
  Rendering todo_lists/index.html.erb within layouts/application
  [1m[36mTodoList Load (0.6ms)[0m  [1m[34mSELECT "todo_lists".* FROM "todo_lists"[0m
  ↳ app/views/todo_lists/index.html.erb:15
  Rendered todo_lists/index.html.erb within layouts/application (4.8ms)
Completed 200 OK in 37ms (Views: 31.2ms | ActiveRecord: 0.6ms)


Started GET "/todo_lists/1" for ::1 at 2020-01-17 14:29:18 +0800
Processing by TodoListsController#show as HTML
  Parameters: {"id"=>"1"}
  [1m[36mTodoList Load (0.3ms)[0m  [1m[34mSELECT  "todo_lists".* FROM "todo_lists" WHERE "todo_lists"."id" = ? LIMIT ?[0m  [["id", 1], ["LIMIT", 1]]
  ↳ app/controllers/todo_lists_controller.rb:67
  Rendering todo_lists/show.html.erb within layouts/application
  [1m[36mTodoItem Load (0.2ms)[0m  [1m[34mSELECT "todo_items".* FROM "todo_items" WHERE "todo_items"."todo_list_id" = ?[0m  [["todo_list_id", 1]]
  ↳ app/views/todo_lists/show.html.erb:14
  Rendered collection of todo_items/_todo_item.html.erb [2 times] (0.7ms)
  Rendered todo_items/_form.html.erb (2.1ms)
  Rendered todo_lists/show.html.erb within layouts/application (12.0ms)
Completed 200 OK in 66ms (Views: 55.3ms | ActiveRecord: 0.5ms)


Started GET "/todo_lists" for ::1 at 2020-01-17 14:29:19 +0800
Processing by TodoListsController#index as HTML
  Rendering todo_lists/index.html.erb within layouts/application
  [1m[36mTodoList Load (0.2ms)[0m  [1m[34mSELECT "todo_lists".* FROM "todo_lists"[0m
  ↳ app/views/todo_lists/index.html.erb:15
  Rendered todo_lists/index.html.erb within layouts/application (2.2ms)
Completed 200 OK in 41ms (Views: 36.4ms | ActiveRecord: 0.2ms)


